2019-11-29 10:22:51 [::1][33][gkmuhd5cjkq821sd3g1vvohvk7][error][yii\web\HttpException:404] exception 'yii\base\InvalidRouteException' with message 'Unable to resolve the request "uploaded_files/aplikasi/favicon.png".' in C:\xampp\htdocs\perpus\inlis32\vendor\yiisoft\yii2\base\Module.php:460
Stack trace:
#0 C:\xampp\htdocs\perpus\inlis32\vendor\yiisoft\yii2\web\Application.php(84): yii\base\Module->runAction('uploaded_files/...', Array)
#1 C:\xampp\htdocs\perpus\inlis32\vendor\yiisoft\yii2\base\Application.php(375): yii\web\Application->handleRequest(Object(yii\web\Request))
#2 C:\xampp\htdocs\perpus\inlis32\backend\index.php(18): yii\base\Application->run()
#3 {main}

Next exception 'yii\web\NotFoundHttpException' with message 'Halaman tidak ditemukan.' in C:\xampp\htdocs\perpus\inlis32\vendor\yiisoft\yii2\web\Application.php:96
Stack trace:
#0 C:\xampp\htdocs\perpus\inlis32\vendor\yiisoft\yii2\base\Application.php(375): yii\web\Application->handleRequest(Object(yii\web\Request))
#1 C:\xampp\htdocs\perpus\inlis32\backend\index.php(18): yii\base\Application->run()
#2 {main}
2019-11-29 10:22:51 [::1][33][gkmuhd5cjkq821sd3g1vvohvk7][info][application] $_COOKIE = [
    '_ga' => 'GA1.1.472977954.1534598979'
    '__atuvc' => '13|16'
    'remember_web_59ba36addc2b2f9401580f014c7f58ea4e30989d' => 'eyJpdiI6ImJkSzlUSEFXd25wWFNRdHRGekpMTVE9PSIsInZhbHVlIjoiV1pDa0Q0MHhGajgyXC9tV3BUNm83UXluV2RsOGMycDR4SndsWG1hQ3l4NWJyalRIR1hTTFVhdzRudTJ1MkVWOEExSHZjb2JBUXQyV0F1OWZMTW1OS2RTNDZDVzhyTW96YUVnblRLUUNYZTl3PSIsIm1hYyI6IjAxY2ZiZjU2OTFjODZlMTkzMTY3YzM1MmE2YjhiNGNkZjBiMmFkODIyYjY0ODk3ODVhYTY5NGVlMDc4ZWNhMTUifQ=='
    '_identity' => 'af3e2a0e951dec577795a0c5ffd91cd682a11d709a13aa959f261807f7b4af33a:2:{i:0;s:9:\"_identity\";i:1;s:17:\"[33,null,2592000]\";}'
    '_identity-backend' => '8b771f8f7ffb246073cad4a2e5d3addf5e90ba8a54b7f285d96be12111348bdda:2:{i:0;s:17:\"_identity-backend\";i:1;s:46:\"[1,\"E2L1oOUG62cFyQx1WJW4gs1UXlpgJFT4\",2592000]\";}'
    'PHPSESSID' => 'pk7t20cbh6aa11p9d9h40b7du1'
    '_csrf' => 'ea3954c0f3e9fa08d759274813d742476c0c8a34a422529757099018f603e643a:2:{i:0;s:5:\"_csrf\";i:1;s:32:\"stgavq14v1o_fZT4_8MTAEO_ivxDOa0v\";}'
    'backendSession' => 'gkmuhd5cjkq821sd3g1vvohvk7'
    '_backendInlislite' => 'fa600aeae467aeef539cb7cb547952449788aa584f0ea7074a6709e532e04074a:2:{i:0;s:17:\"_backendInlislite\";i:1;s:32:\"DaHbSDMpoQsK5GHsVcTXM8eL7p9I8nPT\";}'
]

$_SESSION = [
    '__flash' => []
    '__returnUrl' => '/perpus/inlis32/backend/'
    'location' => '1'
    '__id' => 33
]

$_SERVER = [
    'REDIRECT_MIBDIRS' => 'C:/xampp/php/extras/mibs'
    'REDIRECT_MYSQL_HOME' => '\\xampp\\mysql\\bin'
    'REDIRECT_OPENSSL_CONF' => 'C:/xampp/apache/bin/openssl.cnf'
    'REDIRECT_PHP_PEAR_SYSCONF_DIR' => '\\xampp\\php'
    'REDIRECT_PHPRC' => '\\xampp\\php'
    'REDIRECT_TMP' => '\\xampp\\tmp'
    'REDIRECT_STATUS' => '200'
    'MIBDIRS' => 'C:/xampp/php/extras/mibs'
    'MYSQL_HOME' => '\\xampp\\mysql\\bin'
    'OPENSSL_CONF' => 'C:/xampp/apache/bin/openssl.cnf'
    'PHP_PEAR_SYSCONF_DIR' => '\\xampp\\php'
    'PHPRC' => '\\xampp\\php'
    'TMP' => '\\xampp\\tmp'
    'HTTP_HOST' => 'localhost'
    'HTTP_USER_AGENT' => 'Mozilla/5.0 (Windows NT 10.0; Win64; x64; rv:70.0) Gecko/20100101 Firefox/70.0'
    'HTTP_ACCEPT' => 'image/webp,*/*'
    'HTTP_ACCEPT_LANGUAGE' => 'id,en-US;q=0.7,en;q=0.3'
    'HTTP_ACCEPT_ENCODING' => 'gzip, deflate'
    'HTTP_CONNECTION' => 'keep-alive'
    'HTTP_COOKIE' => '_ga=GA1.1.472977954.1534598979; __atuvc=13%7C16; remember_web_59ba36addc2b2f9401580f014c7f58ea4e30989d=eyJpdiI6ImJkSzlUSEFXd25wWFNRdHRGekpMTVE9PSIsInZhbHVlIjoiV1pDa0Q0MHhGajgyXC9tV3BUNm83UXluV2RsOGMycDR4SndsWG1hQ3l4NWJyalRIR1hTTFVhdzRudTJ1MkVWOEExSHZjb2JBUXQyV0F1OWZMTW1OS2RTNDZDVzhyTW96YUVnblRLUUNYZTl3PSIsIm1hYyI6IjAxY2ZiZjU2OTFjODZlMTkzMTY3YzM1MmE2YjhiNGNkZjBiMmFkODIyYjY0ODk3ODVhYTY5NGVlMDc4ZWNhMTUifQ%3D%3D; _identity=af3e2a0e951dec577795a0c5ffd91cd682a11d709a13aa959f261807f7b4af33a%3A2%3A%7Bi%3A0%3Bs%3A9%3A%22_identity%22%3Bi%3A1%3Bs%3A17%3A%22%5B33%2Cnull%2C2592000%5D%22%3B%7D; _identity-backend=8b771f8f7ffb246073cad4a2e5d3addf5e90ba8a54b7f285d96be12111348bdda%3A2%3A%7Bi%3A0%3Bs%3A17%3A%22_identity-backend%22%3Bi%3A1%3Bs%3A46%3A%22%5B1%2C%22E2L1oOUG62cFyQx1WJW4gs1UXlpgJFT4%22%2C2592000%5D%22%3B%7D; PHPSESSID=pk7t20cbh6aa11p9d9h40b7du1; _csrf=ea3954c0f3e9fa08d759274813d742476c0c8a34a422529757099018f603e643a%3A2%3A%7Bi%3A0%3Bs%3A5%3A%22_csrf%22%3Bi%3A1%3Bs%3A32%3A%22stgavq14v1o_fZT4_8MTAEO_ivxDOa0v%22%3B%7D; backendSession=gkmuhd5cjkq821sd3g1vvohvk7; _backendInlislite=fa600aeae467aeef539cb7cb547952449788aa584f0ea7074a6709e532e04074a%3A2%3A%7Bi%3A0%3Bs%3A17%3A%22_backendInlislite%22%3Bi%3A1%3Bs%3A32%3A%22DaHbSDMpoQsK5GHsVcTXM8eL7p9I8nPT%22%3B%7D'
    'HTTP_PRAGMA' => 'no-cache'
    'HTTP_CACHE_CONTROL' => 'no-cache'
    'PATH' => 'C:\\Program Files (x86)\\Common Files\\Oracle\\Java\\javapath;C:\\ProgramData\\Oracle\\Java\\javapath;C:\\Program Files (x86)\\Intel\\iCLS Client\\;C:\\Program Files\\Intel\\iCLS Client\\;C:\\Windows\\system32;C:\\Windows;C:\\Windows\\System32\\Wbem;C:\\Windows\\System32\\WindowsPowerShell\\v1.0\\;C:\\Program Files (x86)\\Intel\\Intel(R) Management Engine Components\\DAL;C:\\Program Files\\Intel\\Intel(R) Management Engine Components\\DAL;C:\\Program Files (x86)\\Intel\\Intel(R) Management Engine Components\\IPT;C:\\Program Files\\Intel\\Intel(R) Management Engine Components\\IPT;C:\\Program Files (x86)\\NVIDIA Corporation\\PhysX\\Common;C:\\Program Files\\Git\\cmd;C:\\Program Files\\TortoiseSVN\\bin;C:\\ProgramData\\ComposerSetup\\bin;C:\\WINDOWS\\system32;C:\\WINDOWS;C:\\WINDOWS\\System32\\Wbem;C:\\WINDOWS\\System32\\WindowsPowerShell\\v1.0\\;C:\\Program Files\\PuTTY\\;C:\\WINDOWS\\System32\\OpenSSH\\;C:\\Program Files\\Microsoft SQL Server\\Client SDK\\ODBC\\130\\Tools\\Binn\\;C:\\Program Files (x86)\\Microsoft SQL Server\\140\\Tools\\Binn\\;C:\\Program Files\\Microsoft SQL Server\\140\\Tools\\Binn\\;C:\\Program Files\\Microsoft SQL Server\\140\\DTS\\Binn\\;C:\\Program Files (x86)\\Microsoft SQL Server\\Client SDK\\ODBC\\130\\Tools\\Binn\\;C:\\Program Files (x86)\\Microsoft SQL Server\\140\\DTS\\Binn\\;C:\\Program Files (x86)\\Microsoft SQL Server\\140\\Tools\\Binn\\ManagementStudio\\;C:\\Program Files\\dotnet\\;C:\\Program Files\\Microsoft SQL Server\\130\\Tools\\Binn\\;E:\\xampp_7\\php;C:\\Ruby24-x64\\bin;C:\\Program Files\\nodejs\\;C:\\Program Files\\NVIDIA Corporation\\NVIDIA NvDLISR;C:\\Program Files\\MongoDB\\Server\\4.0\\bin\\;E:\\flutter\\flutter\\bin;;C:\\WINDOWS\\system32;C:\\WINDOWS;C:\\WINDOWS\\System32\\Wbem;C:\\WINDOWS\\System32\\WindowsPowerShell\\v1.0\\;C:\\WINDOWS\\System32\\OpenSSH\\;C:\\Ruby24-x64\\bin;C:\\Users\\Arip\\AppData\\Roaming\\Composer\\vendor\\bin;C:\\Users\\Arip\\AppData\\Local\\Microsoft\\WindowsApps;C:\\Users\\Arip\\AppData\\Local\\atom\\bin;C:\\Users\\Arip\\AppData\\Roaming\\npm;C:\\Users\\Arip\\AppData\\Local\\Programs\\Microsoft VS Code\\bin;C:\\Users\\Arip\\AppData\\Local\\Microsoft\\WindowsApps;E:\\flutter\\bin;'
    'SystemRoot' => 'C:\\WINDOWS'
    'COMSPEC' => 'C:\\WINDOWS\\system32\\cmd.exe'
    'PATHEXT' => '.COM;.EXE;.BAT;.CMD;.VBS;.VBE;.JS;.JSE;.WSF;.WSH;.MSC;.RB;.RBW'
    'WINDIR' => 'C:\\WINDOWS'
    'SERVER_SIGNATURE' => '<address>Apache/2.4.26 (Win32) OpenSSL/1.0.2l PHP/5.6.31 Server at localhost Port 80</address>
'
    'SERVER_SOFTWARE' => 'Apache/2.4.26 (Win32) OpenSSL/1.0.2l PHP/5.6.31'
    'SERVER_NAME' => 'localhost'
    'SERVER_ADDR' => '::1'
    'SERVER_PORT' => '80'
    'REMOTE_ADDR' => '::1'
    'DOCUMENT_ROOT' => 'C:/xampp/htdocs'
    'REQUEST_SCHEME' => 'http'
    'CONTEXT_PREFIX' => ''
    'CONTEXT_DOCUMENT_ROOT' => 'C:/xampp/htdocs'
    'SERVER_ADMIN' => 'postmaster@localhost'
    'SCRIPT_FILENAME' => 'C:/xampp/htdocs/perpus/inlis32/backend/index.php'
    'REMOTE_PORT' => '60491'
    'REDIRECT_URL' => '/perpus/inlis32/backend/uploaded_files/aplikasi/favicon.png'
    'GATEWAY_INTERFACE' => 'CGI/1.1'
    'SERVER_PROTOCOL' => 'HTTP/1.1'
    'REQUEST_METHOD' => 'GET'
    'QUERY_STRING' => ''
    'REQUEST_URI' => '/perpus/inlis32/backend/uploaded_files/aplikasi/favicon.png'
    'SCRIPT_NAME' => '/perpus/inlis32/backend/index.php'
    'PHP_SELF' => '/perpus/inlis32/backend/index.php'
    'REQUEST_TIME_FLOAT' => 1574997770.892
    'REQUEST_TIME' => 1574997770
]
